<?xml version="1.0" encoding="UTF-8"?>
<!-- Generated by org.testng.reporters.JUnitReportReporter -->
<testsuite hostname="DESKTOP-3OFPVRG" failures="0" tests="1" name="com.lpg.qa.GMTestcases.ProductRateSlabTest" time="48.524" errors="0" timestamp="13 Feb 2023 08:56:43 GMT">
  <testcase classname="com.lpg.qa.GMTestcases.ProductRateSlabTest" name="LoginPageTest" time="48.524"/>
</testsuite>
