<?xml version="1.0" encoding="UTF-8"?>
<!-- Generated by org.testng.reporters.JUnitReportReporter -->
<testsuite hostname="DESKTOP-BFPKR04" failures="0" tests="1" name="com.lpg.qa.GMTestcases.AreaMastertest" time="33.715" errors="0" timestamp="2023-02-05T23:15:35 IST" skipped="0">
  <testcase classname="com.lpg.qa.GMTestcases.AreaMastertest" name="AreaMasterTest" time="33.715"/>
  <system-out>
    <![CDATA[verifyMyerpmastermodule
verifyMyerpgeneralmaster
verifyMyerppagena
verifyMyerpareamaster
verifyMyerpareaname
verifyMyerpdescription
verifyMyerpcheckbox
verifyMyerpclearbtn
verifyMyerpareaname
verifyMyerpdescription
verifyMyerpcheckbox
verifyMyerpsubmitbtn
verifyMyerpsubmitokbtn
verifyMyerpsearchbar
verifyMyerpeditbtn
verifyMyerpeditokbtn
verifyMyerpareaname
verifyMyerpdescription
verifyMyerpupdatebtn
verifyMyerpupdateokbtn
verifyMyerpexportbtn
 verifyMyerp pcsearchbar]]>
  </system-out>
</testsuite> <!-- com.lpg.qa.GMTestcases.AreaMastertest -->
