<?xml version="1.0" encoding="UTF-8"?>
<!-- Generated by org.testng.reporters.JUnitReportReporter -->
<testsuite hostname="DESKTOP-BFPKR04" failures="0" tests="1" name="com.lpg.qa.CounterSalesTestCases.SubscriptionVoucherTest" time="21.787" errors="0" timestamp="2023-02-08T13:25:33 IST" skipped="0">
  <testcase classname="com.lpg.qa.CounterSalesTestCases.SubscriptionVoucherTest" name="SubscriptionVouchertest" time="21.787"/>
  <system-out>
    <![CDATA[ verifyMyerpgerneralreport
 verifyMyerpcontersaleregister
 verifyMyerpselectdate
 verifyMyerpconsumerno
 verifyMyerpgetdatabtn]]>
  </system-out>
</testsuite> <!-- com.lpg.qa.CounterSalesTestCases.SubscriptionVoucherTest -->
