<?xml version="1.0" encoding="UTF-8"?>
<!-- Generated by org.testng.reporters.JUnitReportReporter -->
<testsuite hostname="DESKTOP-3OFPVRG" failures="0" tests="1" name="com.lpg.qa.accTestcases.LedgersConfigrationTest" time="47.639" errors="0" timestamp="10 Feb 2023 11:03:06 GMT">
  <testcase classname="com.lpg.qa.accTestcases.LedgersConfigrationTest" name="LedgersConfigrationPageTest" time="47.639"/>
</testsuite>
