<?xml version="1.0" encoding="UTF-8"?>
<!-- Generated by org.testng.reporters.JUnitReportReporter -->
<testsuite hostname="DESKTOP-BFPKR04" failures="0" tests="1" name="com.lpg.qa.InventoryManagementTestCases.StockEntroyTest" time="29.594" errors="0" timestamp="2023-02-07T10:12:50 IST" skipped="0">
  <testcase classname="com.lpg.qa.InventoryManagementTestCases.StockEntroyTest" name="StockEntorytest" time="29.594"/>
  <system-out>
    <![CDATA[verifyMyerpinventorymanagement
verifyMyerpstockentry
verifyMyerpopeningfull
verifyMyerpopeningempty
verifyMyerpdefective
verifyMyerpcredit
verifyMyerpminstock
verifyMyerpvaluavtion
verifyMyerpclearbtn
verifyMyerpopeningfull
verifyMyerpopeningempty
verifyMyerpdefective
verifyMyerpcredit
verifyMyerpminstock
verifyMyerpvaluavtion
verifyMyerpsubmitbtn
verifyMyerpgenralreport
verifyMyerpdailycomplaintreport
verifyMyerpselectdate
verifyMyerpgetdatabtn]]>
  </system-out>
</testsuite> <!-- com.lpg.qa.InventoryManagementTestCases.StockEntroyTest -->
