<?xml version="1.0" encoding="UTF-8"?>
<!-- Generated by org.testng.reporters.JUnitReportReporter -->
<testsuite hostname="DESKTOP-3OFPVRG" failures="0" tests="1" name="com.lpg.qa.GMTestcases.ProductTest" time="78.253" errors="0" timestamp="13 Feb 2023 07:29:05 GMT">
  <testcase classname="com.lpg.qa.GMTestcases.ProductTest" name="ProductPageTest" time="78.253"/>
</testsuite>
