<?xml version="1.0" encoding="UTF-8"?>
<!-- Generated by org.testng.reporters.JUnitReportReporter -->
<testsuite hostname="DESKTOP-3OFPVRG" failures="0" tests="1" name="com.lpg.qa.LoginTestcases.LoginTest" time="0.805" errors="0" timestamp="10 Feb 2023 10:58:46 GMT">
  <testcase classname="com.lpg.qa.LoginTestcases.LoginTest" name="LoginPageTest" time="0.805"/>
</testsuite>
