<?xml version="1.0" encoding="UTF-8"?>
<!-- Generated by org.testng.reporters.JUnitReportReporter -->
<testsuite hostname="DESKTOP-BFPKR04" failures="0" tests="1" name="com.lpg.qa.gtTestCases.ERVTest" time="127.989" errors="0" timestamp="2023-02-05T14:43:38 IST" skipped="0">
  <testcase classname="com.lpg.qa.gtTestCases.ERVTest" name="ERVPageTest" time="127.989"/>
  <system-out>
    <![CDATA[ verifyMyerpgtmodule
 verifyMyerpervform
 verifyMyerpeproducttxt
 verifyMyerpesoundqauntity
 verifyMyerpedefective
 verifyMyerpeclearbtn
 verifyMyerplistsubmiterv
 verifyMyerpsubmitbtn
 verifyMyerpxmierv
verifyMyerpgenralreport
verifyMyerpdailycomplaintreport
verifyMyerpselectdate
verifyMyerpgetdatabtn
verifyMyerpgetdatabtn]]>
  </system-out>
</testsuite> <!-- com.lpg.qa.gtTestCases.ERVTest -->
