<?xml version="1.0" encoding="UTF-8"?>
<!-- Generated by org.testng.reporters.JUnitReportReporter -->
<testsuite hostname="DESKTOP-BFPKR04" failures="0" tests="1" name="com.lpg.qa.GMTestcases.GeneralMasterTest" time="86.323" errors="0" timestamp="22 Mar 2023 04:10:53 GMT">
  <testcase classname="com.lpg.qa.GMTestcases.GeneralMasterTest" name="ProductPageTest" time="86.323"/>
</testsuite>
