<?xml version="1.0" encoding="UTF-8"?>
<!-- Generated by org.testng.reporters.JUnitReportReporter -->
<testsuite hostname="DESKTOP-BFPKR04" failures="0" tests="1" name="com.lpg.qa.CounterSalesTestCases.BlockedandUnblokedconsumerTest" time="8.336" errors="0" timestamp="2023-02-21T11:18:12 IST" skipped="0">
  <testcase classname="com.lpg.qa.CounterSalesTestCases.BlockedandUnblokedconsumerTest" name="BolckedUnlockedconsumerPagetest" time="8.336"/>
  <system-out>
    <![CDATA[verifyMyerpcountersales
verifyMyerpblockeunblockedconsumer
verifyMyerpcconsumerno
verifyMyerpsubmitbtn]]>
  </system-out>
</testsuite> <!-- com.lpg.qa.CounterSalesTestCases.BlockedandUnblokedconsumerTest -->
