<?xml version="1.0" encoding="UTF-8"?>
<!-- Generated by org.testng.reporters.JUnitReportReporter -->
<testsuite hostname="DESKTOP-BFPKR04" failures="0" tests="1" name="com.lpg.qa.gtTestCases.UpdatedAcceptedLoadTest" time="75.661" errors="0" timestamp="2023-02-04T17:28:38 IST" skipped="0">
  <testcase classname="com.lpg.qa.gtTestCases.UpdatedAcceptedLoadTest" name="UpdatedAcceptedLoadPageTest" time="75.661"/>
  <system-out>
    <![CDATA[ verifyMyerpgtmodule
 verifyMyerpupdatedaloadform
 verifyMyerpinvoicenum
 verifyMyerpsearchbtn
 verifyMyerpsubmitbtn
 verifyMyerpinvoicenum
 verifyMyerpsearchbtn
 verifyMyerpdeletebtn]]>
  </system-out>
</testsuite> <!-- com.lpg.qa.gtTestCases.UpdatedAcceptedLoadTest -->
