<?xml version="1.0" encoding="UTF-8"?>
<!-- Generated by org.testng.reporters.JUnitReportReporter -->
<testsuite hostname="DESKTOP-BFPKR04" failures="0" tests="1" name="com.lpg.qa.LoginTestcases.RegistrationTest" time="25.050" errors="0" timestamp="22 Mar 2023 03:56:46 GMT">
  <testcase classname="com.lpg.qa.LoginTestcases.RegistrationTest" name="RegistrationPageTest" time="25.050"/>
</testsuite>
