<?xml version="1.0" encoding="UTF-8"?>
<!-- Generated by org.testng.reporters.JUnitReportReporter -->
<testsuite hostname="DESKTOP-BFPKR04" failures="0" tests="1" name="com.lpg.qa.CounterSalesTestCases.NameTest" time="90.490" errors="0" timestamp="2023-02-21T16:14:39 IST" skipped="0">
  <testcase classname="com.lpg.qa.CounterSalesTestCases.NameTest" name="Nametest" time="90.490"/>
  <system-out>
    <![CDATA[verifyMyerpcountersales
verifyMyerpnamechange
verifyMyerpconsumerno
verifyMyerpsearchbtn
verifyMyerpgstin
verifyMyerpdocserno
verifyMyerpnewconsumername
verifyMyerpentercity
verifyMyerpdistributorcode
verifyMyerpemail
verifyMyerpcashamount
verifyMyerpservice
verifyMyerpsrvquantity
verifyMyerpsubmitbtn
verifyMyerpubackbtn
verifyMyerpcountersales
verifyMyerpnamechange
verifyMyerpconsumerno
verifyMyerpsearchbtn
verifyMyerpgstin
verifyMyerpdocserno
verifyMyerpnewconsumername
verifyMyerpentercity
verifyMyerpdistributorcode
verifyMyerpemail
verifyMyerpcashamount
verifyMyerpservice
verifyMyerpsrvquantity
verifyMyerpclearbtn
verifyMyepunamechangeform
verifyMyerpudocno
verifyMyerpugetdatabtn
verifyMyerpprevoiusconsumername
verifyMyerpentercity
verifyMyerpsubmitbtn]]>
  </system-out>
</testsuite> <!-- com.lpg.qa.CounterSalesTestCases.NameTest -->
