<?xml version="1.0" encoding="UTF-8"?>
<!-- Generated by org.testng.reporters.JUnitReportReporter -->
<testsuite hostname="DESKTOP-BFPKR04" failures="0" tests="1" name="com.lpg.qa.gtTestCases.PartialPurchaseTest" time="56.516" errors="0" timestamp="2023-02-04T13:18:16 IST" skipped="0">
  <testcase classname="com.lpg.qa.gtTestCases.PartialPurchaseTest" name="PartialPurchasePageTest" time="56.516"/>
  <system-out>
    <![CDATA[ verifyMyerpgtmodule
 verifyMyerpppform
verifyMyerpppinvoicenumberr
verifyMyerpppervnumber
verifyMyerpppproduct
verifyMyerpppquantity
verifyMyerppplost
verifyMyerpppdefective
verifyMyerpppsubmitbtn
 verifyMyerpacceptedloadform]]>
  </system-out>
</testsuite> <!-- com.lpg.qa.gtTestCases.PartialPurchaseTest -->
