<?xml version="1.0" encoding="UTF-8"?>
<!-- Generated by org.testng.reporters.JUnitReportReporter -->
<testsuite hostname="DESKTOP-BFPKR04" failures="0" tests="1" name="com.lpg.qa.accountsTestcases.JournalVoucherTest" time="28.163" errors="0" timestamp="2023-03-06T15:28:17 IST" skipped="0">
  <testcase classname="com.lpg.qa.accountsTestcases.JournalVoucherTest" name="JournalVoucherPageTest" time="28.163"/>
  <system-out>
    <![CDATA[ verifyMyerpacconutsmodule
journalvoucherform
VerifyMyercrvtransactiondate
Verifymyerpjvnarriation
Verifymyerpjvledger
Verifymyerpjvamount
Verifymyerpjvsavebtn]]>
  </system-out>
</testsuite> <!-- com.lpg.qa.accountsTestcases.JournalVoucherTest -->
