<?xml version="1.0" encoding="UTF-8"?>
<!-- Generated by org.testng.reporters.JUnitReportReporter -->
<testsuite hostname="DESKTOP-BFPKR04" failures="0" tests="1" name="com.lpg.qa.GMTestcases.Godownpagetest" time="18.698" errors="0" timestamp="2023-03-01T18:43:05 IST" skipped="0">
  <testcase classname="com.lpg.qa.GMTestcases.Godownpagetest" name="GodownpageTest" time="18.698"/>
  <system-out>
    <![CDATA[verifyMyerpmastermodule
verifyMyerpgeneralmaster
verifyMyerppagena
verifyMyerpgodowntransaction
verifyMyerpgodownname
verifyMyerpgodownaddress
verifyMyerpchekactive
verifyMyerpsubmitbtn
verifyMyerpokbtn
 verifyMyerp pcsearchbar
verifyMyerpeditbtn
verifyMyerpconfirmbtn
verifyMyerpgodownaddress
verifyMyerpupdatebtn
verifyMyerpupdateokbtn
verifyMyerpexportbtn
 verifyMyerp pcsearchbar]]>
  </system-out>
</testsuite> <!-- com.lpg.qa.GMTestcases.Godownpagetest -->
