<?xml version="1.0" encoding="UTF-8"?>
<!-- Generated by org.testng.reporters.JUnitReportReporter -->
<testsuite hostname="DESKTOP-3OFPVRG" failures="0" tests="1" name="com.lpg.qa.GMTestcases.EmployeeTest" time="76.486" errors="0" timestamp="14 Feb 2023 08:46:42 GMT">
  <testcase classname="com.lpg.qa.GMTestcases.EmployeeTest" name="EmployeePageTest" time="76.486"/>
</testsuite>
