<?xml version="1.0" encoding="UTF-8"?>
<!-- Generated by org.testng.reporters.JUnitReportReporter -->
<testsuite hostname="DESKTOP-BFPKR04" failures="0" tests="1" name="com.lpg.qa.accTestcases.LedgersConfigrationTest" time="45.531" errors="0" timestamp="2023-03-01T18:38:27 IST" skipped="0">
  <testcase classname="com.lpg.qa.accTestcases.LedgersConfigrationTest" name="LedgersConfigrationPageTest" time="45.531"/>
  <system-out>
    <![CDATA[verifyMyerpMasterModule
verifyMyerpaccountmaster
verifyMyerpLedgersconfigform
verifyMyerplcsubmitbtn]]>
  </system-out>
</testsuite> <!-- com.lpg.qa.accTestcases.LedgersConfigrationTest -->
