<?xml version="1.0" encoding="UTF-8"?>
<!-- Generated by org.testng.reporters.JUnitReportReporter -->
<testsuite hostname="DESKTOP-BFPKR04" failures="0" tests="1" name="com.lpg.qa.gtTestCases.DomesticDelieveryTest" time="117.629" errors="0" timestamp="2023-02-05T16:18:22 IST" skipped="0">
  <testcase classname="com.lpg.qa.gtTestCases.DomesticDelieveryTest" name="DomesticDeliveryPageTest" time="117.629"/>
  <system-out>
    <![CDATA[ verifyMyerpgtmodule
 verifyMyerpdomesticdeliveryform
 verifyMyerpddsearchdtabtn
 verifyMyerpddfullcyl
 verifyMyerpddemptycyl
 verifyMyerpddsubmitbtn
 verifyMyerpddgetdtabtn
 verifyMyerpddsearchdtabtn
 verifyMyerpddfullcyl
 verifyMyerpddemptycyl
 verifyMyerpddsubmitbtn
 verifyMyerpddgetdtabtn
verifyMyerpgenralreport
verifyMyerpdailycomplaintreport
verifyMyerpgetdatabtn]]>
  </system-out>
</testsuite> <!-- com.lpg.qa.gtTestCases.DomesticDelieveryTest -->
