<?xml version="1.0" encoding="UTF-8"?>
<!-- Generated by org.testng.reporters.JUnitReportReporter -->
<testsuite hostname="DESKTOP-3OFPVRG" failures="0" tests="1" name="com.lpg.qa.GMTestcases.UserpageTest" time="43.282" errors="0" timestamp="14 Feb 2023 09:15:46 GMT">
  <testcase classname="com.lpg.qa.GMTestcases.UserpageTest" name="Userpagetest" time="43.282"/>
</testsuite>
