<?xml version="1.0" encoding="UTF-8"?>
<!-- Generated by org.testng.reporters.JUnitReportReporter -->
<testsuite hostname="DESKTOP-BFPKR04" failures="0" tests="1" name="com.lpg.qa.gtTestCases.AcceptedLoadTest" time="29.361" errors="0" timestamp="2023-03-30T16:33:23 IST" skipped="0">
  <testcase classname="com.lpg.qa.gtTestCases.AcceptedLoadTest" name="AcceptedLoadPageTest" time="29.361"/>
  <system-out>
    <![CDATA[ verifyMyerpgtmodule
 verifyMyerpacceptedloadform
 verifyMyerpalinvoicenumtxt
 verifyMyerpalsubmitbtn
 verifyMyerpsearchbar
 verifyMyerpalinvoicenum
verifycompanyinvoicedate
 verifyMyerpalaccounttxt
 verifyMyerpallsubmitbtn]]>
  </system-out>
</testsuite> <!-- com.lpg.qa.gtTestCases.AcceptedLoadTest -->
