<?xml version="1.0" encoding="UTF-8"?>
<!-- Generated by org.testng.reporters.JUnitReportReporter -->
<testsuite hostname="DESKTOP-BFPKR04" failures="0" tests="1" name="com.lpg.qa.CounterSalesTestCases.BeyondsaleTest" time="70.542" errors="0" timestamp="2023-02-21T09:26:24 IST" skipped="0">
  <testcase classname="com.lpg.qa.CounterSalesTestCases.BeyondsaleTest" name="Beyondsaletest" time="70.542"/>
  <system-out>
    <![CDATA[verifyMyerpcountersales
verifyMyerpbeyondsale
verifyMyerpconsumernumbersearch
verifyMyerpsubmitbtnclick
verifyMyerpinvoiceno
verifyMyerpgstin
verifyMyerpdistributercode
verifyMyerpentercity
verifyMyerpemail
verifyMyerpcashamount
verifyMyerpproduct
verifyMyerpclearbtn
verifyMyerpconsumernumbersearch
verifyMyerpsubmitbtnclick
verifyMyerpinvoiceno
verifyMyerpgstin
verifyMyerpentercity
verifyMyerpemail
verifyMyerpcashamount
verifyMyerpproduct
verifyMyerpdistributercode
verifyMyerpsubmitbtn
verifyMyerpubackbtn
verifyMyerpupdatebeyondsale
verifyMyerpupdatedocno
verifyMyerpugetdatabtn
verifyMyerpsubmitbtn]]>
  </system-out>
</testsuite> <!-- com.lpg.qa.CounterSalesTestCases.BeyondsaleTest -->
