<?xml version="1.0" encoding="UTF-8"?>
<!-- Generated by org.testng.reporters.JUnitReportReporter -->
<testsuite hostname="DESKTOP-BFPKR04" failures="0" tests="1" name="com.lpg.qa.accTestcases.BankTest" time="33.030" errors="0" timestamp="2023-03-01T18:23:25 IST" skipped="0">
  <testcase classname="com.lpg.qa.accTestcases.BankTest" name="BankPageTest" time="33.030"/>
  <system-out>
    <![CDATA[verifyMyerpMasterModule
verifyMyerpaccountmaster
verifyMyerpbankform
verifyMyerpbankcode
verifyMyerpbdescription
verifyMyerpbaccountnumber
verifyMyerpbaliasname
 verifyMyerpbactivechkbtn
verifyMyerpbcleartbtn
verifyMyerpbankcode
verifyMyerpbdescription
verifyMyerpbaccountnumber
verifyMyerpbaliasname
verifyMyerpbsr
verifyMyerpaddress
verifyMyerpbranch
verifyMyerpemail
verifyMyerpmanager
verifyMyerpcontactperson
verifyMyerpphone
verifyMyerpifsdcode
 verifyMyerpbactivechkbtn
verifyMyerpbsubmitbtn
verifyMyerpbsubmitokbtn
 verifyMyerp pcsearchbar
verifyMyerpbeditbtn
verifyMyerpbyesupdatebtn
verifyMyerpbankcode
verifyMyerpbdescription
verifyMyerpbupdatebtn
verifyMyerpbupdateokbtn
verifyMyerpbexportbtn
 verifyMyerp pcsearchbar]]>
  </system-out>
</testsuite> <!-- com.lpg.qa.accTestcases.BankTest -->
