<?xml version="1.0" encoding="UTF-8"?>
<!-- Generated by org.testng.reporters.JUnitReportReporter -->
<testsuite hostname="DESKTOP-BFPKR04" failures="0" tests="1" name="com.lpg.qa.accountsTestcases.ReceiptVoucherTest" time="52.137" errors="0" timestamp="2023-03-17T07:51:16 IST" skipped="0">
  <testcase classname="com.lpg.qa.accountsTestcases.ReceiptVoucherTest" name="ReceiptVoucherPageTest" time="52.137"/>
  <system-out>
    <![CDATA[ verifyMyerpacconutsmodule
receiptvoucherform
verifyMyerpupupdatereceiptvoucher
verifyMyerpupdocumentno
verifyMyerpugetdatabtn
verifyMyerpusubmitbtn
verifyMyerpaccountreport
verifyMyerpaccountingreport
verifyMyerpreceiptregister
verifyMyerpfromdate
verifyMyerptodate
 verifyMyerpgetdatabtn
verifyMyerpaccountreport
verifyMyerpaccountingreport
verifyMyerpreceiptnowisereport
verifyMyerpfromdocno
verifyMyerptodocno
 verifyMyerpgetdatabtn]]>
  </system-out>
</testsuite> <!-- com.lpg.qa.accountsTestcases.ReceiptVoucherTest -->
