<?xml version="1.0" encoding="UTF-8"?>
<!-- Generated by org.testng.reporters.JUnitReportReporter -->
<testsuite hostname="DESKTOP-BFPKR04" failures="0" tests="1" name="com.lpg.qa.accountsTestcases.CashCollectionDetailsTest" time="4.629" errors="0" timestamp="2023-03-14T19:11:02 IST" skipped="0">
  <testcase classname="com.lpg.qa.accountsTestcases.CashCollectionDetailsTest" name="CashCollectionDetailstest" time="4.629"/>
  <system-out>
    <![CDATA[verifyMyerpaccounts
verifyMyerpcashcolldet
verifyMyerpcashdate
verifyMyerpgetdata]]>
  </system-out>
</testsuite> <!-- com.lpg.qa.accountsTestcases.CashCollectionDetailsTest -->
