<?xml version="1.0" encoding="UTF-8"?>
<!-- Generated by org.testng.reporters.JUnitReportReporter -->
<testsuite hostname="DESKTOP-BFPKR04" failures="0" tests="1" name="DomesticCashCollectionTestcases.DomesticCashTest" time="25.297" errors="0" timestamp="2023-03-06T10:32:29 IST" skipped="0">
  <testcase classname="DomesticCashCollectionTestcases.DomesticCashTest" name="DomesticCashPageTest" time="25.297"/>
  <system-out>
    <![CDATA[ verifyMyerpgtmodule
 verifyMyerpervform
 verifyMyerpsubmiterv
 verifyMyerpsubmitbtn]]>
  </system-out>
</testsuite> <!-- DomesticCashCollectionTestcases.DomesticCashTest -->
