<?xml version="1.0" encoding="UTF-8"?>
<!-- Generated by org.testng.reporters.JUnitReportReporter -->
<testsuite hostname="DESKTOP-BFPKR04" failures="0" tests="1" name="com.lpg.qa.accTestcases.LedgersConfigrationTest" time="50.995" errors="0" timestamp="22 Mar 2023 09:39:23 GMT">
  <testcase classname="com.lpg.qa.accTestcases.LedgersConfigrationTest" name="LedgersConfigrationPageTest" time="50.995"/>
</testsuite>
