<?xml version="1.0" encoding="UTF-8"?>
<!-- Generated by org.testng.reporters.JUnitReportReporter -->
<testsuite hostname="DESKTOP-BFPKR04" failures="0" tests="1" name="com.lpg.qa.gtTestCases.DailyStatementReportTest" time="39.167" errors="0" timestamp="2023-02-02T17:27:02 IST" skipped="0">
  <testcase classname="com.lpg.qa.gtTestCases.DailyStatementReportTest" name="DailyStatementReportPagetest" time="39.167"/>
  <system-out>
    <![CDATA[verifyMyerpgenralreport
verifyMyerpdailycomplaintreport
verifyMyerpselectdate
verifyMyerpgetdatabtn
verifyMyerpgetdatabtn]]>
  </system-out>
</testsuite> <!-- com.lpg.qa.gtTestCases.DailyStatementReportTest -->
