<?xml version="1.0" encoding="UTF-8"?>
<!-- Generated by org.testng.reporters.JUnitReportReporter -->
<testsuite hostname="DESKTOP-BFPKR04" failures="0" tests="1" name="com.lpg.qa.tvmoduletestcases.TVOutListTest" time="33.112" errors="0" timestamp="2023-02-23T05:01:02 IST" skipped="0">
  <testcase classname="com.lpg.qa.tvmoduletestcases.TVOutListTest" name="TVOutListPageTest" time="33.112"/>
  <system-out>
    <![CDATA[verifyMyerptvmodule
verifyMyerptvtvoutlistform
verifyMyerptvoutconsumernum
verifyMyerptclearbtn
verifyMyerptvmodule
verifyMyerptvtvoutlistform
verifyMyerptvoutconsumernum
verifyMyerptsubmitbtnn]]>
  </system-out>
</testsuite> <!-- com.lpg.qa.tvmoduletestcases.TVOutListTest -->
