<?xml version="1.0" encoding="UTF-8"?>
<!-- Generated by org.testng.reporters.JUnitReportReporter -->
<testsuite hostname="DESKTOP-3OFPVRG" failures="0" tests="1" name="com.lpg.qa.LoginTestcases.LoginTest" time="0.720" errors="0" timestamp="14 Feb 2023 07:06:20 GMT">
  <testcase classname="com.lpg.qa.LoginTestcases.LoginTest" name="LoginPageTest" time="0.720"/>
</testsuite>
