<?xml version="1.0" encoding="UTF-8"?>
<!-- Generated by org.testng.reporters.JUnitReportReporter -->
<testsuite hostname="DESKTOP-BFPKR04" failures="0" tests="1" name="com.lpg.qa.gtTestCases.DomesticDelieveryTest" time="96.561" errors="0" timestamp="2023-03-30T17:06:39 IST" skipped="0">
  <testcase classname="com.lpg.qa.gtTestCases.DomesticDelieveryTest" name="DomesticDeliveryPageTest" time="96.561"/>
  <system-out>
    <![CDATA[ verifyMyerpgtmodule
 verifyMyerpdomesticdeliveryform
 verifyMyerpddsearchdtabtn
 verifyMyerpddfullcyl
 verifyMyerpddemptycyl
 verifyMyerpddsubmitbtn
 verifyMyerpddgetdtabtn
 verifyMyerpddsearchdtabtn
 verifyMyerpddfullcyl
 verifyMyerpddemptycyl
 verifyMyerpddsubmitbtn
 verifyMyerpddgetdtabtn
verifyMyerpgenralreport
verifyMyerpdailycomplaintreport
verifyMyerpgetdatabtn]]>
  </system-out>
</testsuite> <!-- com.lpg.qa.gtTestCases.DomesticDelieveryTest -->
