<?xml version="1.0" encoding="UTF-8"?>
<!-- Generated by org.testng.reporters.JUnitReportReporter -->
<testsuite hostname="DESKTOP-3OFPVRG" failures="0" tests="1" name="com.lpg.qa.accTestcases.NewLedgersTest" time="30.089" errors="0" timestamp="14 Feb 2023 10:44:20 GMT">
  <testcase classname="com.lpg.qa.accTestcases.NewLedgersTest" name="NewLegersPageTest" time="30.089"/>
</testsuite>
