<?xml version="1.0" encoding="UTF-8"?>
<!-- Generated by org.testng.reporters.JUnitReportReporter -->
<testsuite hostname="DESKTOP-BFPKR04" failures="0" tests="1" name="com.lpg.qa.gtTestCases.UpdateERVTest" time="16.673" errors="0" timestamp="2023-03-30T18:28:58 IST" skipped="0">
  <testcase classname="com.lpg.qa.gtTestCases.UpdateERVTest" name="UpdateERVPageTest" time="16.673"/>
  <system-out>
    <![CDATA[ verifyMyerpgtmodule
 verifyMyerpuervform
 verifyMyerpervnumber
 verifyMyerpeclearbtn
 verifyMyerpervnumber
 verifyMyerpsearchervbtn]]>
  </system-out>
</testsuite> <!-- com.lpg.qa.gtTestCases.UpdateERVTest -->
