<?xml version="1.0" encoding="UTF-8"?>
<!-- Generated by org.testng.reporters.JUnitReportReporter -->
<testsuite hostname="DESKTOP-BFPKR04" failures="0" tests="1" name="com.lpg.qa.tvmoduletestcases.PartialTVOutTest" time="29.919" errors="0" timestamp="2023-02-23T10:57:19 IST" skipped="0">
  <testcase classname="com.lpg.qa.tvmoduletestcases.PartialTVOutTest" name="PartialTVOutPageTest" time="29.919"/>
  <system-out>
    <![CDATA[verifyMyerptvmodule
verifyMyerpptvoform
verifyMyerpconsumernotavailchk
verifyMyerpptvtvoconsumernum
verifyMyerpptvoutnumberofcyl
verifyMyerpptvoutsubmitbtn
verifyMyerptvmodule
verifyMyerpptvtvoutlistform
verifyMyerpptvoform
verifyMyerpwcptvtvoconsumernum
verifyMyerpwcptvtvotgetcyll
verifyMyerpwcptvoutsubmitbtn
verifyMyerptvmodule
verifyMyerpptvtvoutlistform]]>
  </system-out>
</testsuite> <!-- com.lpg.qa.tvmoduletestcases.PartialTVOutTest -->
