<?xml version="1.0" encoding="UTF-8"?>
<!-- Generated by org.testng.reporters.JUnitReportReporter -->
<testsuite hostname="DESKTOP-BFPKR04" failures="0" tests="1" name="com.lpg.qa.gtTestCases.PartialPurchaseTest" time="22.796" errors="0" timestamp="2023-03-30T16:32:06 IST" skipped="0">
  <testcase classname="com.lpg.qa.gtTestCases.PartialPurchaseTest" name="PartialPurchasePageTest" time="22.796"/>
  <system-out>
    <![CDATA[ verifyMyerpgtmodule
 verifyMyerpppform
verifyMyerpppinvoicenumberr
verifyMyerpppervnumber
verifyMyerpppproduct
verifyMyerpppquantity
verifyMyerppplost
verifyMyerpppdefective
verifyMyerpppsubmitbtn
 verifyMyerpacceptedloadform
 verifyMyerpalinvoicenumtxt
 verifyMyerpalsubmitbtn]]>
  </system-out>
</testsuite> <!-- com.lpg.qa.gtTestCases.PartialPurchaseTest -->
