<?xml version="1.0" encoding="UTF-8"?>
<!-- Generated by org.testng.reporters.JUnitReportReporter -->
<testsuite hostname="DESKTOP-BFPKR04" failures="0" tests="1" name="com.lpg.qa.CounterSalesTestCases.ConnectionSwapTest" time="25.602" errors="0" timestamp="2023-02-21T10:47:07 IST" skipped="0">
  <testcase classname="com.lpg.qa.CounterSalesTestCases.ConnectionSwapTest" name="ConnectionSwaptest" time="25.602"/>
  <system-out>
    <![CDATA[verifyMyerpcountersales
verifyMyerpconnectionswap
verifyMyerpconsumerno
verifyMyerpsearch
verifyMyerpselectdate
verifyMyerpclearbtn
verifyMyerpconsumerno
verifyMyerpsearch
verifyMyerpselectdate
verifyMyerpsubmitbtn]]>
  </system-out>
</testsuite> <!-- com.lpg.qa.CounterSalesTestCases.ConnectionSwapTest -->
