<?xml version="1.0" encoding="UTF-8"?>
<!-- Generated by org.testng.reporters.JUnitReportReporter -->
<testsuite hostname="DESKTOP-BFPKR04" failures="0" tests="1" name="com.lpg.qa.accountsTestcases.ReceiptVoucherTest" time="26.828" errors="0" timestamp="2023-03-06T14:06:35 IST" skipped="0">
  <testcase classname="com.lpg.qa.accountsTestcases.ReceiptVoucherTest" name="ReceiptVoucherPageTest" time="26.828"/>
  <system-out>
    <![CDATA[ verifyMyerpacconutsmodule
receiptvoucherform
Verifymyerppvvnumber
VerifyMyerprvtransactiondate
Verifymyerprvchequeno
Verifymyerppvchequedate
Verifymyerprvpvnarriation1
Verifymyerppvledgertextbox
Verifymyerppvamounttxtbox
Verifymyerppvnewbtn
Verifymyerppvvnumber
Verifymyerprvchequeno
Verifymyerppvchequedate
Verifymyerprvpvnarriation1
Verifymyerppvledgertextbox
Verifymyerppvamounttxtbox
Verifymyerprvsavebtn]]>
  </system-out>
</testsuite> <!-- com.lpg.qa.accountsTestcases.ReceiptVoucherTest -->
