<?xml version="1.0" encoding="UTF-8"?>
<!-- Generated by org.testng.reporters.JUnitReportReporter -->
<testsuite hostname="DESKTOP-BFPKR04" failures="0" tests="1" name="com.lpg.qa.accountsTestcases.CommercialPendingBillListTest" time="7.868" errors="0" timestamp="2023-03-14T19:07:55 IST" skipped="0">
  <testcase classname="com.lpg.qa.accountsTestcases.CommercialPendingBillListTest" name="CommercialPendingBillListtest" time="7.868"/>
  <system-out>
    <![CDATA[verifyMyerpaccounts
verifyMyerpcompenbillist
verifyMyerpfromdate
verifyMyerptodate
verifyMyerpgetdata]]>
  </system-out>
</testsuite> <!-- com.lpg.qa.accountsTestcases.CommercialPendingBillListTest -->
