<?xml version="1.0" encoding="UTF-8"?>
<!-- Generated by org.testng.reporters.JUnitReportReporter -->
<testsuite hostname="DESKTOP-BFPKR04" failures="0" tests="1" name="com.lpg.qa.accTestcases.OpeningStockTest" time="60.683" errors="0" timestamp="2023-03-02T11:26:47 IST" skipped="0">
  <testcase classname="com.lpg.qa.accTestcases.OpeningStockTest" name="OpeningStocktest" time="60.683"/>
  <system-out>
    <![CDATA[verifyMyerpmaster
verifyMyerpaccountmaster
verifyMyerpopeningstock
verifyMyerpfromdate
verifyMyerpstockopeningvaluation
verifyMyerpopeningqty
verifyMyerpclearbtn
verifyMyerpfromdate
verifyMyerpstockopeningvaluation
verifyMyerpopeningqty
verifyMyerpsubmitbtn]]>
  </system-out>
</testsuite> <!-- com.lpg.qa.accTestcases.OpeningStockTest -->
