<?xml version="1.0" encoding="UTF-8"?>
<!-- Generated by org.testng.reporters.JUnitReportReporter -->
<testsuite hostname="DESKTOP-BFPKR04" failures="0" tests="1" name="com.lpg.qa.gtTestCases.UpdateERVTest" time="7.028" errors="0" timestamp="2023-02-07T10:59:56 IST" skipped="0">
  <testcase classname="com.lpg.qa.gtTestCases.UpdateERVTest" name="UpdateERVPageTest" time="7.028"/>
  <system-out>
    <![CDATA[ verifyMyerpgtmodule
 verifyMyerpuervform
 verifyMyerpervnumber
 verifyMyerpeclearbtn
 verifyMyerpervnumber
 verifyMyerpsearchervbtn]]>
  </system-out>
</testsuite> <!-- com.lpg.qa.gtTestCases.UpdateERVTest -->
