<?xml version="1.0" encoding="UTF-8"?>
<!-- Generated by org.testng.reporters.JUnitReportReporter -->
<testsuite hostname="DESKTOP-BFPKR04" failures="0" tests="1" name="com.lpg.qa.accountsTestcases.PaymentVoucherReferencingTest" time="29.494" errors="0" timestamp="2023-03-14T18:19:30 IST" skipped="0">
  <testcase classname="com.lpg.qa.accountsTestcases.PaymentVoucherReferencingTest" name="PaymentVoucherReferencingtest" time="29.494"/>
  <system-out>
    <![CDATA[verifyMyerpaccounts
verifyMyerppamentreferencing
verifyMyerpaccountahead
verifyMyerpamount
savebtn]]>
  </system-out>
</testsuite> <!-- com.lpg.qa.accountsTestcases.PaymentVoucherReferencingTest -->
