<?xml version="1.0" encoding="UTF-8"?>
<!-- Generated by org.testng.reporters.JUnitReportReporter -->
<testsuite hostname="DESKTOP-BFPKR04" failures="0" tests="1" name="com.lpg.qa.accTestcases.NewLedgersTest" time="54.359" errors="0" timestamp="18 Mar 2023 11:16:48 GMT">
  <testcase classname="com.lpg.qa.accTestcases.NewLedgersTest" name="NewLegersPageTest" time="54.359"/>
</testsuite>
