<?xml version="1.0" encoding="UTF-8"?>
<!-- Generated by org.testng.reporters.JUnitReportReporter -->
<testsuite hostname="DESKTOP-BFPKR04" failures="0" tests="1" name="com.lpg.qa.accountsTestcases.BillGenerationTest" time="58.901" errors="0" timestamp="2023-04-05T17:43:58 IST" skipped="0">
  <testcase classname="com.lpg.qa.accountsTestcases.BillGenerationTest" name="BillGenerationtest" time="58.901"/>
  <system-out>
    <![CDATA[verifyMyerpaccounts
verifyMyerpbillgenerationdaily
verifyMyerpbillingdatedaily
verifyMyerpinvoicenum
verifyMyerpsubmitbtn
verifyMyerpbillgenerationmonthly
verifyMyerpbillgenerationselectyearmon
verifyMyerpbillingdatemon
verifyMyerpsubmitbtn
verifyMyerpbillgenerationforthnight
verifyMyerpselectyearfn
verifyMyerpbillinddatefn
verifyMyerpsubmitbtn
verifyMyerpbillgenerationcustom
verifyMyerpbillinddatecustom
verifyMyerpsubmitbtn
verifyMyerpbillgenerationimmegiate
verifyMyerpbillinddateimmegiate
verifyMyerpsubmitbtn]]>
  </system-out>
</testsuite> <!-- com.lpg.qa.accountsTestcases.BillGenerationTest -->
