<?xml version="1.0" encoding="UTF-8"?>
<!-- Generated by org.testng.reporters.JUnitReportReporter -->
<testsuite hostname="DESKTOP-BFPKR04" failures="0" tests="1" name="com.lpg.qa.CounterSalesTestCases.DBCTest" time="61.647" errors="0" timestamp="2023-03-24T13:44:00 IST" skipped="0">
  <testcase classname="com.lpg.qa.CounterSalesTestCases.DBCTest" name="DBCtest" time="61.647"/>
  <system-out>
    <![CDATA[verifyMyerpcountersales
verifyMyerpclickdbc
verifyMyerpupdatedbcform
verifyMyerpdocumentno
verifyMyerpugetdatabtn
verifyMyerpuupdate
 verifyMyerpgerneralreport
 verifyMyerpcounterinvoicedetails
 verifyMyerppurchasebillno
 verifyMyerpgetdatabtn
 verifyMyerpcontersaleregister
 verifyMyerpselectdate
 verifyMyerpconsumerno
 verifyMyerpgetdatabtn]]>
  </system-out>
</testsuite> <!-- com.lpg.qa.CounterSalesTestCases.DBCTest -->
