<?xml version="1.0" encoding="UTF-8"?>
<!-- Generated by org.testng.reporters.JUnitReportReporter -->
<testsuite hostname="DESKTOP-3OFPVRG" failures="0" tests="1" name="com.lpg.qa.GMTestcases.ProductTest" time="39.570" errors="0" timestamp="14 Feb 2023 07:25:43 GMT">
  <testcase classname="com.lpg.qa.GMTestcases.ProductTest" name="ProductPageTest" time="39.570"/>
</testsuite>
