<?xml version="1.0" encoding="UTF-8"?>
<!-- Generated by org.testng.reporters.JUnitReportReporter -->
<testsuite hostname="DESKTOP-BFPKR04" failures="0" tests="1" name="com.lpg.qa.accountsTestcases.VoucherReferencingTest" time="32.500" errors="0" timestamp="2023-04-05T18:43:11 IST" skipped="0">
  <testcase classname="com.lpg.qa.accountsTestcases.VoucherReferencingTest" name="VoucherReferencingPageTest" time="32.500"/>
  <system-out>
    <![CDATA[ verifyMyerpacconutsmodule
voucherrefrencingform
accountheadtextbox
vrdocdate
vrrefdate
vramounttoadjust
vrsavebtn]]>
  </system-out>
</testsuite> <!-- com.lpg.qa.accountsTestcases.VoucherReferencingTest -->
