<?xml version="1.0" encoding="UTF-8"?>
<!-- Generated by org.testng.reporters.JUnitReportReporter -->
<testsuite hostname="DESKTOP-BFPKR04" failures="0" tests="1" name="com.lpg.qa.LoginTestcases.LoginTest" time="0.753" errors="0" timestamp="2023-02-06T17:20:07 IST" skipped="0">
  <testcase classname="com.lpg.qa.LoginTestcases.LoginTest" name="LoginPageTest" time="0.753"/>
  <system-out>
    <![CDATA[verifyMyerpagancycode
verifyMyerpUserid
 verifyMyerpPassword
 verifyMyerplogin]]>
  </system-out>
</testsuite> <!-- com.lpg.qa.LoginTestcases.LoginTest -->
