<?xml version="1.0" encoding="UTF-8"?>
<!-- Generated by org.testng.reporters.JUnitReportReporter -->
<testsuite hostname="DESKTOP-BFPKR04" failures="0" tests="1" name="com.lpg.qa.accountsTestcases.DebitNoteVoucherTest" time="49.206" errors="0" timestamp="2023-03-20T11:17:56 IST" skipped="0">
  <testcase classname="com.lpg.qa.accountsTestcases.DebitNoteVoucherTest" name="DebitNoteVoucherPageTest" time="49.206"/>
  <system-out>
    <![CDATA[ verifyMyerpacconutsmodule
contravoucherform
Verifymyerppvvnumber
VerifyMyercrvtransactiondate
Verifymyerpdebitfromledger
Verifymyerpdbvdebitamount
Verifymyerpdbvledger1
Verifymyerpdbvamount1
Verifymyerpplusbutton
Verifymyerpdbvledger2
Verifymyerpdbvamount2
Verifymyerpplusbutton1
Verifymyerpdbvledger3
Verifymyerpdbvamount3
Verifymyerppvnewbtn
Verifymyerppvvnumber
VerifyMyercrvtransactiondate
Verifymyerpdebitfromledger
Verifymyerpdbvdebitamount
Verifymyerpdbvledger1
Verifymyerpdbvamount1
Verifymyerpplusbutton
Verifymyerpdbvledger2
Verifymyerpdbvamount2
Verifymyerpplusbutton1
Verifymyerpdbvledger3
Verifymyerpdbvamount3
Verifymyerprvsavebtn]]>
  </system-out>
</testsuite> <!-- com.lpg.qa.accountsTestcases.DebitNoteVoucherTest -->
