<?xml version="1.0" encoding="UTF-8"?>
<!-- Generated by org.testng.reporters.JUnitReportReporter -->
<testsuite hostname="DESKTOP-BFPKR04" failures="0" tests="1" name="com.lpg.qa.accTestcases.NewLedgersTest" time="39.235" errors="0" timestamp="2023-03-01T18:30:55 IST" skipped="0">
  <testcase classname="com.lpg.qa.accTestcases.NewLedgersTest" name="NewLegersPageTest" time="39.235"/>
  <system-out>
    <![CDATA[verifyMyerpMasterModule
verifyMyerpaccountmaster
verifyMyerpnewledgresform
verifyMyerpnameofledger
verifyMyerpnlaliasname
verifyMyerpdate
verifyMyerpnlsavebtn
verifyMyerpnlsaveokbtn
verifyMyerpnameofledger
verifyMyerpnlaliasname
verifyMyerpdate
verifyMyerpnlsavebtn
verifyMyerpnlsaveokbtn
verifyMyerpnameofledger
verifyMyerpnlaliasname
verifyMyerpdate
verifyMyerpnlsavebtn
verifyMyerpnlsaveokbtn
verifyMyerpnameofledger
verifyMyerpnlaliasname
verifyMyerpdate
verifyMyerpnlsavebtn
verifyMyerpnlsaveokbtn
verifyMyerpnameofledger
verifyMyerpnlaliasname
verifyMyerpdate
verifyMyerpnlsavebtn
verifyMyerpnlsaveokbtn
verifyMyerpnameofledger
verifyMyerpnlaliasname
verifyMyerpdate
verifyMyerpnlsavebtn
verifyMyerpnlsaveokbtn
verifyMyerpnameofledger
verifyMyerpnlaliasname
verifyMyerpdate
verifyMyerpnlsavebtn
verifyMyerpnlsaveokbtn]]>
  </system-out>
</testsuite> <!-- com.lpg.qa.accTestcases.NewLedgersTest -->
