<?xml version="1.0" encoding="UTF-8"?>
<!-- Generated by org.testng.reporters.JUnitReportReporter -->
<testsuite hostname="DESKTOP-BFPKR04" failures="0" tests="1" name="com.lpg.qa.accTestcases.BankTest" time="30.434" errors="0" timestamp="2023-02-06T15:20:29 IST" skipped="0">
  <testcase classname="com.lpg.qa.accTestcases.BankTest" name="BankPageTest" time="30.434"/>
  <system-out>
    <![CDATA[verifyMyerpMasterModule
verifyMyerpaccountmaster
verifyMyerpbankform
verifyMyerpbankcode
verifyMyerpbdescription
verifyMyerpbaccountnumber
verifyMyerpbaliasname
 verifyMyerpbactivechkbtn
verifyMyerpbcleartbtn
verifyMyerpbankcode
verifyMyerpbdescription
verifyMyerpbaccountnumber
verifyMyerpbaliasname
 verifyMyerpbactivechkbtn
verifyMyerpbsubmitbtn
verifyMyerpbsubmitokbtn
 verifyMyerp pcsearchbar
verifyMyerpbeditbtn
verifyMyerpbyesupdatebtn
verifyMyerpbankcode
verifyMyerpbdescription
verifyMyerpbupdatebtn
verifyMyerpbupdateokbtn
verifyMyerpbexportbtn
 verifyMyerp pcsearchbar]]>
  </system-out>
</testsuite> <!-- com.lpg.qa.accTestcases.BankTest -->
