<?xml version="1.0" encoding="UTF-8"?>
<!-- Generated by org.testng.reporters.JUnitReportReporter -->
<testsuite hostname="DESKTOP-BFPKR04" failures="0" tests="1" name="com.lpg.qa.accountsTestcases.PaymentVoucherTest" time="27.959" errors="0" timestamp="2023-03-06T13:36:31 IST" skipped="0">
  <testcase classname="com.lpg.qa.accountsTestcases.PaymentVoucherTest" name="PaymentVoucherPageTest" time="27.959"/>
  <system-out>
    <![CDATA[ verifyMyerpacconutsmodule
Verifypaymentvoucherform
Verifymyerppvvnumber
VerifyMyerppvtransactiondate
Verifymyerppvchequeno
Verifymyerppvchequedate
Verifymyerppvpvnarriation1
Verifymyerppvledgertextbox
Verifymyerppvamounttxtbox
Verifymyerppvnewbtn
Verifymyerppvvnumber
VerifyMyerppvtransactiondate
Verifymyerppvchequeno
Verifymyerppvchequedate
Verifymyerppvpvnarriation1
Verifymyerppvledgertextbox
Verifymyerppvamounttxtbox
Verifymyerppvsavebtn
Verifymyerppvaddheaderbtn]]>
  </system-out>
</testsuite> <!-- com.lpg.qa.accountsTestcases.PaymentVoucherTest -->
