<?xml version="1.0" encoding="UTF-8"?>
<!-- Generated by org.testng.reporters.JUnitReportReporter -->
<testsuite hostname="DESKTOP-3OFPVRG" failures="0" tests="1" name="com.lpg.qa.GMTestcases.TransporterTest" time="29.375" errors="0" timestamp="14 Feb 2023 08:34:10 GMT">
  <testcase classname="com.lpg.qa.GMTestcases.TransporterTest" name="TransporterPageTest" time="29.375"/>
</testsuite>
