<?xml version="1.0" encoding="UTF-8"?>
<!-- Generated by org.testng.reporters.JUnitReportReporter -->
<testsuite hostname="DESKTOP-3OFPVRG" failures="0" tests="1" name="com.lpg.qa.GMTestcases.Vehiclepagetest" time="19.803" errors="0" timestamp="14 Feb 2023 08:44:33 GMT">
  <testcase classname="com.lpg.qa.GMTestcases.Vehiclepagetest" name="VehicleTest" time="19.803"/>
</testsuite>
