<?xml version="1.0" encoding="UTF-8"?>
<!-- Generated by org.testng.reporters.JUnitReportReporter -->
<testsuite hostname="DESKTOP-3OFPVRG" failures="0" tests="1" name="com.lpg.qa.accTestcases.BankTest" time="31.692" errors="0" timestamp="14 Feb 2023 09:17:36 GMT">
  <testcase classname="com.lpg.qa.accTestcases.BankTest" name="BankPageTest" time="31.692"/>
</testsuite>
